<?xml version="1.0" encoding="UTF-8"?>
<testsuite name="TestStart" tests="1" skipped="0" failures="0" errors="0" timestamp="2021-10-05T05:06:06" hostname="NQSOFTWARESOLUT" time="0.013">
  <properties/>
  <testcase name="testOk" classname="TestStart" time="0.013"/>
  <system-out><![CDATA[]]></system-out>
  <system-err><![CDATA[]]></system-err>
</testsuite>
